<?xml version="1.0" encoding="UTF-8"?>
<!-- Generated by org.testng.reporters.JUnitXMLReporter -->
<testsuite hostname="santy" ignored="0" name="HomePageTest" tests="10" failures="0" timestamp="29 Mar 2018 06:03:39 GMT" time="348.84" errors="0">
  <testcase name="verifyLoginwithInvalidCredentials" time="5.561" classname="com.test.automation.uiautomation.homepage.TC001_VerifyLoginwithInvalidCredentials"/>
  <testcase name="registrationuser" time="63.326" classname="com.test.automation.uiautomation.homepage.TC002_Registration"/>
  <testcase name="verifyLoginwithvalidCredentials" time="67.98" classname="com.test.automation.uiautomation.homepage.TC003_VerifyLoginwithvalidCredentials"/>
  <testcase name="verifywithDifferentRecords" time="67.63" classname="com.test.automation.uiautomation.homepage.TC004_VerifywithDifferentRecords"/>
  <testcase name="verifywithDifferentRecords" time="0.006" classname="com.test.automation.uiautomation.homepage.TC004_VerifywithDifferentRecords">
    <skipped/>
  </testcase> <!-- verifywithDifferentRecords -->
  <testcase name="verifywithDifferentRecords" time="0.02" classname="com.test.automation.uiautomation.homepage.TC004_VerifywithDifferentRecords">
    <skipped/>
  </testcase> <!-- verifywithDifferentRecords -->
  <testcase name="verifywithDifferentRecords" time="0.008" classname="com.test.automation.uiautomation.homepage.TC004_VerifywithDifferentRecords">
    <skipped/>
  </testcase> <!-- verifywithDifferentRecords -->
  <testcase name="verifywithDifferentRecords" time="66.575" classname="com.test.automation.uiautomation.homepage.TC004_VerifywithDifferentRecords"/>
  <testcase name="verifywithDifferentRecords" time="0.004" classname="com.test.automation.uiautomation.homepage.TC004_VerifywithDifferentRecords">
    <skipped/>
  </testcase> <!-- verifywithDifferentRecords -->
  <testcase name="verifywithDifferentRecords" time="0.006" classname="com.test.automation.uiautomation.homepage.TC004_VerifywithDifferentRecords">
    <skipped/>
  </testcase> <!-- verifywithDifferentRecords -->
</testsuite> <!-- HomePageTest -->
