<?xml version="1.0" encoding="UTF-8"?>
<!-- Generated by org.testng.reporters.JUnitXMLReporter -->
<testsuite hostname="santy" ignored="0" name="TC001_VerifyLoginwithInvalidCredentials" tests="1" failures="0" timestamp="26 Mar 2018 17:47:46 GMT" time="80.002" errors="0">
  <testcase name="verifyLoginwithInvalidCredentials" time="63.031" classname="com.test.automation.uiautomation.homepage.TC001_VerifyLoginwithInvalidCredentials"/>
</testsuite> <!-- TC001_VerifyLoginwithInvalidCredentials -->
